0 info it worked if it ends with ok
1 verbose cli [ '/usr/bin/node',
1 verbose cli   '/usr/share/npm/bin/npm-cli.js',
1 verbose cli   'run',
1 verbose cli   'prefix-dev:css' ]
2 info using npm@3.5.2
3 info using node@v8.10.0
4 verbose run-script [ 'prefix-dev:css' ]
5 info lifecycle project_front@1.0.0~prefix-dev:css: project_front@1.0.0
6 verbose lifecycle project_front@1.0.0~prefix-dev:css: unsafe-perm in lifecycle true
7 verbose lifecycle project_front@1.0.0~prefix-dev:css: PATH: /usr/share/npm/bin/node-gyp-bin:/home/deepak/Documents/respond_design/node_modules/.bin:/usr/share/npm/bin/node-gyp-bin:/home/deepak/Documents/respond_design/node_modules/.bin:/usr/local/sbin:/usr/local/bin:/usr/sbin:/usr/bin:/sbin:/bin:/usr/games:/usr/local/games
8 verbose lifecycle project_front@1.0.0~prefix-dev:css: CWD: /home/deepak/Documents/respond_design
9 silly lifecycle project_front@1.0.0~prefix-dev:css: Args: [ '-c',
9 silly lifecycle   'postcss --use autoprefixer -b \'last 10 versions\' html_files/style.css -o html_files/style.css' ]
10 info lifecycle project_front@1.0.0~prefix-dev:css: Failed to exec prefix-dev:css script
11 verbose stack Error: project_front@1.0.0 prefix-dev:css: `postcss --use autoprefixer -b 'last 10 versions' html_files/style.css -o html_files/style.css`
11 verbose stack spawn ENOENT
11 verbose stack     at ChildProcess.<anonymous> (/usr/share/npm/lib/utils/spawn.js:17:16)
11 verbose stack     at emitTwo (events.js:126:13)
11 verbose stack     at ChildProcess.emit (events.js:214:7)
11 verbose stack     at maybeClose (internal/child_process.js:925:16)
11 verbose stack     at Process.ChildProcess._handle.onexit (internal/child_process.js:209:5)
12 verbose pkgid project_front@1.0.0
13 verbose cwd /home/deepak/Documents/respond_design
14 error Linux 4.15.0-23-generic
15 error argv "/usr/bin/node" "/usr/share/npm/bin/npm-cli.js" "run" "prefix-dev:css"
16 error node v8.10.0
17 error npm  v3.5.2
18 error file sh
19 error code ELIFECYCLE
20 error errno ENOENT
21 error syscall spawn
22 error project_front@1.0.0 prefix-dev:css: `postcss --use autoprefixer -b 'last 10 versions' html_files/style.css -o html_files/style.css`
22 error spawn ENOENT
23 error Failed at the project_front@1.0.0 prefix-dev:css script 'postcss --use autoprefixer -b 'last 10 versions' html_files/style.css -o html_files/style.css'.
23 error Make sure you have the latest version of node.js and npm installed.
23 error If you do, this is most likely a problem with the project_front package,
23 error not with npm itself.
23 error Tell the author that this fails on your system:
23 error     postcss --use autoprefixer -b 'last 10 versions' html_files/style.css -o html_files/style.css
23 error You can get information on how to open an issue for this project with:
23 error     npm bugs project_front
23 error Or if that isn't available, you can get their info via:
23 error     npm owner ls project_front
23 error There is likely additional logging output above.
24 verbose exit [ 1, true ]
